The system is: Darwin - 16.5.0 - x86_64
Compiling the C compiler identification source file "CMakeCCompilerId.c" succeeded.
Compiler: /Users/Grey/miniconda/envs/sss/bin/cc 
Build flags: 
Id flags: 

The output was:
0


Compilation of the C compiler identification source "CMakeCCompilerId.c" produced "a.out"

The C compiler identification is GNU, found in "/Users/Grey/Desktop/LJ_potential_c-_py/build/CMakeFiles/3.6.3/CompilerIdC/a.out"

Compiling the CXX compiler identification source file "CMakeCXXCompilerId.cpp" succeeded.
Compiler: /Users/Grey/miniconda/envs/sss/bin/c++ 
Build flags: 
Id flags: 

The output was:
0


Compilation of the CXX compiler identification source "CMakeCXXCompilerId.cpp" produced "a.out"

The CXX compiler identification is GNU, found in "/Users/Grey/Desktop/LJ_potential_c-_py/build/CMakeFiles/3.6.3/CompilerIdCXX/a.out"

Determining if the C compiler works passed with the following output:
Change Dir: /Users/Grey/Desktop/LJ_potential_c-_py/build/CMakeFiles/CMakeTmp

Run Build Command:"/usr/local/bin/gmake" "cmTC_319e1/fast"
/usr/local/bin/gmake -f CMakeFiles/cmTC_319e1.dir/build.make CMakeFiles/cmTC_319e1.dir/build
gmake[1]: Entering directory '/Users/Grey/Desktop/LJ_potential_c-_py/build/CMakeFiles/CMakeTmp'
Building C object CMakeFiles/cmTC_319e1.dir/testCCompiler.c.o
/Users/Grey/miniconda/envs/sss/bin/cc     -o CMakeFiles/cmTC_319e1.dir/testCCompiler.c.o   -c /Users/Grey/Desktop/LJ_potential_c-_py/build/CMakeFiles/CMakeTmp/testCCompiler.c
Linking C executable cmTC_319e1
/Users/Grey/miniconda/envs/sss/bin/cmake -E cmake_link_script CMakeFiles/cmTC_319e1.dir/link.txt --verbose=1
/Users/Grey/miniconda/envs/sss/bin/cc    -Wl,-search_paths_first -Wl,-headerpad_max_install_names   CMakeFiles/cmTC_319e1.dir/testCCompiler.c.o  -o cmTC_319e1  
gmake[1]: Leaving directory '/Users/Grey/Desktop/LJ_potential_c-_py/build/CMakeFiles/CMakeTmp'


Detecting C compiler ABI info compiled with the following output:
Change Dir: /Users/Grey/Desktop/LJ_potential_c-_py/build/CMakeFiles/CMakeTmp

Run Build Command:"/usr/local/bin/gmake" "cmTC_fef43/fast"
/usr/local/bin/gmake -f CMakeFiles/cmTC_fef43.dir/build.make CMakeFiles/cmTC_fef43.dir/build
gmake[1]: Entering directory '/Users/Grey/Desktop/LJ_potential_c-_py/build/CMakeFiles/CMakeTmp'
Building C object CMakeFiles/cmTC_fef43.dir/CMakeCCompilerABI.c.o
/Users/Grey/miniconda/envs/sss/bin/cc     -o CMakeFiles/cmTC_fef43.dir/CMakeCCompilerABI.c.o   -c /Users/Grey/miniconda/envs/sss/share/cmake-3.6/Modules/CMakeCCompilerABI.c
Linking C executable cmTC_fef43
/Users/Grey/miniconda/envs/sss/bin/cmake -E cmake_link_script CMakeFiles/cmTC_fef43.dir/link.txt --verbose=1
/Users/Grey/miniconda/envs/sss/bin/cc    -Wl,-search_paths_first -Wl,-headerpad_max_install_names  -v -Wl,-v CMakeFiles/cmTC_fef43.dir/CMakeCCompilerABI.c.o  -o cmTC_fef43   
Using built-in specs.
COLLECT_GCC=/Users/Grey/miniconda/envs/sss/bin/cc
COLLECT_LTO_WRAPPER=/Users/Grey/miniconda/envs/sss/libexec/gcc/x86_64-apple-darwin13.4.0/5.2.0/lto-wrapper
Target: x86_64-apple-darwin13.4.0
Configured with: ./configure --prefix=/Users/Grey/miniconda/envs/sss --libdir=/Users/Grey/miniconda/envs/sss/lib --with-gmp=/Users/Grey/miniconda/envs/sss --with-mpfr=/Users/Grey/miniconda/envs/sss --with-mpc=/Users/Grey/miniconda/envs/sss --with-isl=/Users/Grey/miniconda/envs/sss --with-cloog=/Users/Grey/miniconda/envs/sss --with-boot-ldflags=-Wl,-headerpad_max_install_names --with-stage1-ldflags=-Wl,-headerpad_max_install_names --enable-checking=release --disable-multilib
Thread model: posix
gcc version 5.2.0 (GCC) 
COMPILER_PATH=/Users/Grey/miniconda/envs/sss/libexec/gcc/x86_64-apple-darwin13.4.0/5.2.0/:/Users/Grey/miniconda/envs/sss/libexec/gcc/x86_64-apple-darwin13.4.0/5.2.0/:/Users/Grey/miniconda/envs/sss/libexec/gcc/x86_64-apple-darwin13.4.0/:/Users/Grey/miniconda/envs/sss/lib/gcc/x86_64-apple-darwin13.4.0/5.2.0/:/Users/Grey/miniconda/envs/sss/lib/gcc/x86_64-apple-darwin13.4.0/
LIBRARY_PATH=/Users/Grey/miniconda/envs/sss/lib/gcc/x86_64-apple-darwin13.4.0/5.2.0/:/Users/Grey/miniconda/envs/sss/lib/gcc/x86_64-apple-darwin13.4.0/5.2.0/../../../:/usr/lib/
COLLECT_GCC_OPTIONS='-mmacosx-version-min=10.12.5' '-v' '-o' 'cmTC_fef43' '-mtune=core2'
 /Users/Grey/miniconda/envs/sss/libexec/gcc/x86_64-apple-darwin13.4.0/5.2.0/collect2 -dynamic -arch x86_64 -macosx_version_min 10.12.5 -weak_reference_mismatches non-weak -o cmTC_fef43 -L/Users/Grey/miniconda/envs/sss/lib/gcc/x86_64-apple-darwin13.4.0/5.2.0 -L/Users/Grey/miniconda/envs/sss/lib/gcc/x86_64-apple-darwin13.4.0/5.2.0/../../.. -search_paths_first -headerpad_max_install_names -v CMakeFiles/cmTC_fef43.dir/CMakeCCompilerABI.c.o -no_compact_unwind -lSystem -lgcc_ext.10.5 -lgcc -lSystem -v
collect2 version 5.2.0
/usr/bin/ld -dynamic -arch x86_64 -macosx_version_min 10.12.5 -weak_reference_mismatches non-weak -o cmTC_fef43 -L/Users/Grey/miniconda/envs/sss/lib/gcc/x86_64-apple-darwin13.4.0/5.2.0 -L/Users/Grey/miniconda/envs/sss/lib/gcc/x86_64-apple-darwin13.4.0/5.2.0/../../.. -search_paths_first -headerpad_max_install_names -v CMakeFiles/cmTC_fef43.dir/CMakeCCompilerABI.c.o -no_compact_unwind -lSystem -lgcc_ext.10.5 -lgcc -lSystem -v
@(#)PROGRAM:ld  PROJECT:ld64-278.4
configured to support archs: armv6 armv7 armv7s arm64 i386 x86_64 x86_64h armv6m armv7k armv7m armv7em (tvOS)
@(#)PROGRAM:ld  PROJECT:ld64-278.4
configured to support archs: armv6 armv7 armv7s arm64 i386 x86_64 x86_64h armv6m armv7k armv7m armv7em (tvOS)
Library search paths:
	/Users/Grey/miniconda/envs/sss/lib/gcc/x86_64-apple-darwin13.4.0/5.2.0
	/Users/Grey/miniconda/envs/sss/lib
	/usr/lib
	/usr/local/lib
Framework search paths:
	/Library/Frameworks/
	/System/Library/Frameworks/
gmake[1]: Leaving directory '/Users/Grey/Desktop/LJ_potential_c-_py/build/CMakeFiles/CMakeTmp'


Parsed C implicit link information from above output:
  link line regex: [^( *|.*[/\])(ld|([^/\]+-)?ld|collect2)[^/\]*( |$)]
  ignore line: [Change Dir: /Users/Grey/Desktop/LJ_potential_c-_py/build/CMakeFiles/CMakeTmp]
  ignore line: []
  ignore line: [Run Build Command:"/usr/local/bin/gmake" "cmTC_fef43/fast"]
  ignore line: [/usr/local/bin/gmake -f CMakeFiles/cmTC_fef43.dir/build.make CMakeFiles/cmTC_fef43.dir/build]
  ignore line: [gmake[1]: Entering directory '/Users/Grey/Desktop/LJ_potential_c-_py/build/CMakeFiles/CMakeTmp']
  ignore line: [Building C object CMakeFiles/cmTC_fef43.dir/CMakeCCompilerABI.c.o]
  ignore line: [/Users/Grey/miniconda/envs/sss/bin/cc     -o CMakeFiles/cmTC_fef43.dir/CMakeCCompilerABI.c.o   -c /Users/Grey/miniconda/envs/sss/share/cmake-3.6/Modules/CMakeCCompilerABI.c]
  ignore line: [Linking C executable cmTC_fef43]
  ignore line: [/Users/Grey/miniconda/envs/sss/bin/cmake -E cmake_link_script CMakeFiles/cmTC_fef43.dir/link.txt --verbose=1]
  ignore line: [/Users/Grey/miniconda/envs/sss/bin/cc    -Wl,-search_paths_first -Wl,-headerpad_max_install_names  -v -Wl,-v CMakeFiles/cmTC_fef43.dir/CMakeCCompilerABI.c.o  -o cmTC_fef43   ]
  ignore line: [Using built-in specs.]
  ignore line: [COLLECT_GCC=/Users/Grey/miniconda/envs/sss/bin/cc]
  ignore line: [COLLECT_LTO_WRAPPER=/Users/Grey/miniconda/envs/sss/libexec/gcc/x86_64-apple-darwin13.4.0/5.2.0/lto-wrapper]
  ignore line: [Target: x86_64-apple-darwin13.4.0]
  ignore line: [Configured with: ./configure --prefix=/Users/Grey/miniconda/envs/sss --libdir=/Users/Grey/miniconda/envs/sss/lib --with-gmp=/Users/Grey/miniconda/envs/sss --with-mpfr=/Users/Grey/miniconda/envs/sss --with-mpc=/Users/Grey/miniconda/envs/sss --with-isl=/Users/Grey/miniconda/envs/sss --with-cloog=/Users/Grey/miniconda/envs/sss --with-boot-ldflags=-Wl,-headerpad_max_install_names --with-stage1-ldflags=-Wl,-headerpad_max_install_names --enable-checking=release --disable-multilib]
  ignore line: [Thread model: posix]
  ignore line: [gcc version 5.2.0 (GCC) ]
  ignore line: [COMPILER_PATH=/Users/Grey/miniconda/envs/sss/libexec/gcc/x86_64-apple-darwin13.4.0/5.2.0/:/Users/Grey/miniconda/envs/sss/libexec/gcc/x86_64-apple-darwin13.4.0/5.2.0/:/Users/Grey/miniconda/envs/sss/libexec/gcc/x86_64-apple-darwin13.4.0/:/Users/Grey/miniconda/envs/sss/lib/gcc/x86_64-apple-darwin13.4.0/5.2.0/:/Users/Grey/miniconda/envs/sss/lib/gcc/x86_64-apple-darwin13.4.0/]
  ignore line: [LIBRARY_PATH=/Users/Grey/miniconda/envs/sss/lib/gcc/x86_64-apple-darwin13.4.0/5.2.0/:/Users/Grey/miniconda/envs/sss/lib/gcc/x86_64-apple-darwin13.4.0/5.2.0/../../../:/usr/lib/]
  ignore line: [COLLECT_GCC_OPTIONS='-mmacosx-version-min=10.12.5' '-v' '-o' 'cmTC_fef43' '-mtune=core2']
  link line: [ /Users/Grey/miniconda/envs/sss/libexec/gcc/x86_64-apple-darwin13.4.0/5.2.0/collect2 -dynamic -arch x86_64 -macosx_version_min 10.12.5 -weak_reference_mismatches non-weak -o cmTC_fef43 -L/Users/Grey/miniconda/envs/sss/lib/gcc/x86_64-apple-darwin13.4.0/5.2.0 -L/Users/Grey/miniconda/envs/sss/lib/gcc/x86_64-apple-darwin13.4.0/5.2.0/../../.. -search_paths_first -headerpad_max_install_names -v CMakeFiles/cmTC_fef43.dir/CMakeCCompilerABI.c.o -no_compact_unwind -lSystem -lgcc_ext.10.5 -lgcc -lSystem -v]
    arg [/Users/Grey/miniconda/envs/sss/libexec/gcc/x86_64-apple-darwin13.4.0/5.2.0/collect2] ==> ignore
    arg [-dynamic] ==> ignore
    arg [-arch] ==> ignore
    arg [x86_64] ==> ignore
    arg [-macosx_version_min] ==> ignore
    arg [10.12.5] ==> ignore
    arg [-weak_reference_mismatches] ==> ignore
    arg [non-weak] ==> ignore
    arg [-o] ==> ignore
    arg [cmTC_fef43] ==> ignore
    arg [-L/Users/Grey/miniconda/envs/sss/lib/gcc/x86_64-apple-darwin13.4.0/5.2.0] ==> dir [/Users/Grey/miniconda/envs/sss/lib/gcc/x86_64-apple-darwin13.4.0/5.2.0]
    arg [-L/Users/Grey/miniconda/envs/sss/lib/gcc/x86_64-apple-darwin13.4.0/5.2.0/../../..] ==> dir [/Users/Grey/miniconda/envs/sss/lib/gcc/x86_64-apple-darwin13.4.0/5.2.0/../../..]
    arg [-search_paths_first] ==> ignore
    arg [-headerpad_max_install_names] ==> ignore
    arg [-v] ==> ignore
    arg [CMakeFiles/cmTC_fef43.dir/CMakeCCompilerABI.c.o] ==> ignore
    arg [-no_compact_unwind] ==> ignore
    arg [-lSystem] ==> lib [System]
    arg [-lgcc_ext.10.5] ==> lib [gcc_ext.10.5]
    arg [-lgcc] ==> lib [gcc]
    arg [-lSystem] ==> lib [System]
    arg [-v] ==> ignore
  ignore line: [collect2 version 5.2.0]
  link line: [/usr/bin/ld -dynamic -arch x86_64 -macosx_version_min 10.12.5 -weak_reference_mismatches non-weak -o cmTC_fef43 -L/Users/Grey/miniconda/envs/sss/lib/gcc/x86_64-apple-darwin13.4.0/5.2.0 -L/Users/Grey/miniconda/envs/sss/lib/gcc/x86_64-apple-darwin13.4.0/5.2.0/../../.. -search_paths_first -headerpad_max_install_names -v CMakeFiles/cmTC_fef43.dir/CMakeCCompilerABI.c.o -no_compact_unwind -lSystem -lgcc_ext.10.5 -lgcc -lSystem -v]
    arg [/usr/bin/ld] ==> ignore
    arg [-dynamic] ==> ignore
    arg [-arch] ==> ignore
    arg [x86_64] ==> ignore
    arg [-macosx_version_min] ==> ignore
    arg [10.12.5] ==> ignore
    arg [-weak_reference_mismatches] ==> ignore
    arg [non-weak] ==> ignore
    arg [-o] ==> ignore
    arg [cmTC_fef43] ==> ignore
    arg [-L/Users/Grey/miniconda/envs/sss/lib/gcc/x86_64-apple-darwin13.4.0/5.2.0] ==> dir [/Users/Grey/miniconda/envs/sss/lib/gcc/x86_64-apple-darwin13.4.0/5.2.0]
    arg [-L/Users/Grey/miniconda/envs/sss/lib/gcc/x86_64-apple-darwin13.4.0/5.2.0/../../..] ==> dir [/Users/Grey/miniconda/envs/sss/lib/gcc/x86_64-apple-darwin13.4.0/5.2.0/../../..]
    arg [-search_paths_first] ==> ignore
    arg [-headerpad_max_install_names] ==> ignore
    arg [-v] ==> ignore
    arg [CMakeFiles/cmTC_fef43.dir/CMakeCCompilerABI.c.o] ==> ignore
    arg [-no_compact_unwind] ==> ignore
    arg [-lSystem] ==> lib [System]
    arg [-lgcc_ext.10.5] ==> lib [gcc_ext.10.5]
    arg [-lgcc] ==> lib [gcc]
    arg [-lSystem] ==> lib [System]
    arg [-v] ==> ignore
  ignore line: [@(#)PROGRAM:ld  PROJECT:ld64-278.4]
  ignore line: [configured to support archs: armv6 armv7 armv7s arm64 i386 x86_64 x86_64h armv6m armv7k armv7m armv7em (tvOS)]
  ignore line: [@(#)PROGRAM:ld  PROJECT:ld64-278.4]
  ignore line: [configured to support archs: armv6 armv7 armv7s arm64 i386 x86_64 x86_64h armv6m armv7k armv7m armv7em (tvOS)]
  ignore line: [Library search paths:]
  ignore line: [	/Users/Grey/miniconda/envs/sss/lib/gcc/x86_64-apple-darwin13.4.0/5.2.0]
  ignore line: [	/Users/Grey/miniconda/envs/sss/lib]
  ignore line: [	/usr/lib]
  ignore line: [	/usr/local/lib]
  ignore line: [Framework search paths:]
  ignore line: [	/Library/Frameworks/]
  ignore line: [	/System/Library/Frameworks/]
  ignore line: [gmake[1]: Leaving directory '/Users/Grey/Desktop/LJ_potential_c-_py/build/CMakeFiles/CMakeTmp']
  ignore line: []
  Library search paths: [;/Users/Grey/miniconda/envs/sss/lib/gcc/x86_64-apple-darwin13.4.0/5.2.0;/Users/Grey/miniconda/envs/sss/lib;/usr/lib;/usr/local/lib]
  Framework search paths: [;/Library/Frameworks/;/System/Library/Frameworks/]
  remove lib [System]
  remove lib [gcc_ext.10.5]
  remove lib [gcc]
  remove lib [System]
  remove lib [System]
  remove lib [gcc_ext.10.5]
  remove lib [gcc]
  remove lib [System]
  collapse library dir [/Users/Grey/miniconda/envs/sss/lib/gcc/x86_64-apple-darwin13.4.0/5.2.0] ==> [/Users/Grey/miniconda/envs/sss/lib/gcc/x86_64-apple-darwin13.4.0/5.2.0]
  collapse library dir [/Users/Grey/miniconda/envs/sss/lib/gcc/x86_64-apple-darwin13.4.0/5.2.0/../../..] ==> [/Users/Grey/miniconda/envs/sss/lib]
  collapse library dir [/Users/Grey/miniconda/envs/sss/lib/gcc/x86_64-apple-darwin13.4.0/5.2.0] ==> [/Users/Grey/miniconda/envs/sss/lib/gcc/x86_64-apple-darwin13.4.0/5.2.0]
  collapse library dir [/Users/Grey/miniconda/envs/sss/lib/gcc/x86_64-apple-darwin13.4.0/5.2.0/../../..] ==> [/Users/Grey/miniconda/envs/sss/lib]
  collapse library dir [/Users/Grey/miniconda/envs/sss/lib/gcc/x86_64-apple-darwin13.4.0/5.2.0] ==> [/Users/Grey/miniconda/envs/sss/lib/gcc/x86_64-apple-darwin13.4.0/5.2.0]
  collapse library dir [/Users/Grey/miniconda/envs/sss/lib] ==> [/Users/Grey/miniconda/envs/sss/lib]
  collapse library dir [/usr/lib] ==> [/usr/lib]
  collapse library dir [/usr/local/lib] ==> [/usr/local/lib]
  collapse framework dir [/Library/Frameworks/] ==> [/Library/Frameworks]
  collapse framework dir [/System/Library/Frameworks/] ==> [/System/Library/Frameworks]
  linker did not report search dirs, re-using implicit dirs
  implicit libs: []
  implicit dirs: [/Users/Grey/miniconda/envs/sss/lib/gcc/x86_64-apple-darwin13.4.0/5.2.0;/Users/Grey/miniconda/envs/sss/lib;/usr/lib;/usr/local/lib]
  implicit linker search dirs: [/Users/Grey/miniconda/envs/sss/lib/gcc/x86_64-apple-darwin13.4.0/5.2.0;/Users/Grey/miniconda/envs/sss/lib;/usr/lib;/usr/local/lib]
  implicit fwks: [/Library/Frameworks;/System/Library/Frameworks]




Detecting C [-std=c11] compiler features compiled with the following output:
Change Dir: /Users/Grey/Desktop/LJ_potential_c-_py/build/CMakeFiles/CMakeTmp

Run Build Command:"/usr/local/bin/gmake" "cmTC_278be/fast"
/usr/local/bin/gmake -f CMakeFiles/cmTC_278be.dir/build.make CMakeFiles/cmTC_278be.dir/build
gmake[1]: Entering directory '/Users/Grey/Desktop/LJ_potential_c-_py/build/CMakeFiles/CMakeTmp'
Building C object CMakeFiles/cmTC_278be.dir/feature_tests.c.o
/Users/Grey/miniconda/envs/sss/bin/cc    -std=c11 -o CMakeFiles/cmTC_278be.dir/feature_tests.c.o   -c /Users/Grey/Desktop/LJ_potential_c-_py/build/CMakeFiles/feature_tests.c
Linking C executable cmTC_278be
/Users/Grey/miniconda/envs/sss/bin/cmake -E cmake_link_script CMakeFiles/cmTC_278be.dir/link.txt --verbose=1
/Users/Grey/miniconda/envs/sss/bin/cc    -Wl,-search_paths_first -Wl,-headerpad_max_install_names   CMakeFiles/cmTC_278be.dir/feature_tests.c.o  -o cmTC_278be  
gmake[1]: Leaving directory '/Users/Grey/Desktop/LJ_potential_c-_py/build/CMakeFiles/CMakeTmp'


    Feature record: C_FEATURE:1c_function_prototypes
    Feature record: C_FEATURE:1c_restrict
    Feature record: C_FEATURE:1c_static_assert
    Feature record: C_FEATURE:1c_variadic_macros


Detecting C [-std=c99] compiler features compiled with the following output:
Change Dir: /Users/Grey/Desktop/LJ_potential_c-_py/build/CMakeFiles/CMakeTmp

Run Build Command:"/usr/local/bin/gmake" "cmTC_0835b/fast"
/usr/local/bin/gmake -f CMakeFiles/cmTC_0835b.dir/build.make CMakeFiles/cmTC_0835b.dir/build
gmake[1]: Entering directory '/Users/Grey/Desktop/LJ_potential_c-_py/build/CMakeFiles/CMakeTmp'
Building C object CMakeFiles/cmTC_0835b.dir/feature_tests.c.o
/Users/Grey/miniconda/envs/sss/bin/cc    -std=c99 -o CMakeFiles/cmTC_0835b.dir/feature_tests.c.o   -c /Users/Grey/Desktop/LJ_potential_c-_py/build/CMakeFiles/feature_tests.c
Linking C executable cmTC_0835b
/Users/Grey/miniconda/envs/sss/bin/cmake -E cmake_link_script CMakeFiles/cmTC_0835b.dir/link.txt --verbose=1
/Users/Grey/miniconda/envs/sss/bin/cc    -Wl,-search_paths_first -Wl,-headerpad_max_install_names   CMakeFiles/cmTC_0835b.dir/feature_tests.c.o  -o cmTC_0835b  
gmake[1]: Leaving directory '/Users/Grey/Desktop/LJ_potential_c-_py/build/CMakeFiles/CMakeTmp'


    Feature record: C_FEATURE:1c_function_prototypes
    Feature record: C_FEATURE:1c_restrict
    Feature record: C_FEATURE:0c_static_assert
    Feature record: C_FEATURE:1c_variadic_macros


Detecting C [-std=c90] compiler features compiled with the following output:
Change Dir: /Users/Grey/Desktop/LJ_potential_c-_py/build/CMakeFiles/CMakeTmp

Run Build Command:"/usr/local/bin/gmake" "cmTC_35811/fast"
/usr/local/bin/gmake -f CMakeFiles/cmTC_35811.dir/build.make CMakeFiles/cmTC_35811.dir/build
gmake[1]: Entering directory '/Users/Grey/Desktop/LJ_potential_c-_py/build/CMakeFiles/CMakeTmp'
Building C object CMakeFiles/cmTC_35811.dir/feature_tests.c.o
/Users/Grey/miniconda/envs/sss/bin/cc    -std=c90 -o CMakeFiles/cmTC_35811.dir/feature_tests.c.o   -c /Users/Grey/Desktop/LJ_potential_c-_py/build/CMakeFiles/feature_tests.c
Linking C executable cmTC_35811
/Users/Grey/miniconda/envs/sss/bin/cmake -E cmake_link_script CMakeFiles/cmTC_35811.dir/link.txt --verbose=1
/Users/Grey/miniconda/envs/sss/bin/cc    -Wl,-search_paths_first -Wl,-headerpad_max_install_names   CMakeFiles/cmTC_35811.dir/feature_tests.c.o  -o cmTC_35811  
gmake[1]: Leaving directory '/Users/Grey/Desktop/LJ_potential_c-_py/build/CMakeFiles/CMakeTmp'


    Feature record: C_FEATURE:1c_function_prototypes
    Feature record: C_FEATURE:0c_restrict
    Feature record: C_FEATURE:0c_static_assert
    Feature record: C_FEATURE:0c_variadic_macros
Determining if the CXX compiler works passed with the following output:
Change Dir: /Users/Grey/Desktop/LJ_potential_c-_py/build/CMakeFiles/CMakeTmp

Run Build Command:"/usr/local/bin/gmake" "cmTC_46b01/fast"
/usr/local/bin/gmake -f CMakeFiles/cmTC_46b01.dir/build.make CMakeFiles/cmTC_46b01.dir/build
gmake[1]: Entering directory '/Users/Grey/Desktop/LJ_potential_c-_py/build/CMakeFiles/CMakeTmp'
Building CXX object CMakeFiles/cmTC_46b01.dir/testCXXCompiler.cxx.o
/Users/Grey/miniconda/envs/sss/bin/c++      -o CMakeFiles/cmTC_46b01.dir/testCXXCompiler.cxx.o -c /Users/Grey/Desktop/LJ_potential_c-_py/build/CMakeFiles/CMakeTmp/testCXXCompiler.cxx
Linking CXX executable cmTC_46b01
/Users/Grey/miniconda/envs/sss/bin/cmake -E cmake_link_script CMakeFiles/cmTC_46b01.dir/link.txt --verbose=1
/Users/Grey/miniconda/envs/sss/bin/c++     -Wl,-search_paths_first -Wl,-headerpad_max_install_names   CMakeFiles/cmTC_46b01.dir/testCXXCompiler.cxx.o  -o cmTC_46b01  
gmake[1]: Leaving directory '/Users/Grey/Desktop/LJ_potential_c-_py/build/CMakeFiles/CMakeTmp'


Detecting CXX compiler ABI info compiled with the following output:
Change Dir: /Users/Grey/Desktop/LJ_potential_c-_py/build/CMakeFiles/CMakeTmp

Run Build Command:"/usr/local/bin/gmake" "cmTC_e7691/fast"
/usr/local/bin/gmake -f CMakeFiles/cmTC_e7691.dir/build.make CMakeFiles/cmTC_e7691.dir/build
gmake[1]: Entering directory '/Users/Grey/Desktop/LJ_potential_c-_py/build/CMakeFiles/CMakeTmp'
Building CXX object CMakeFiles/cmTC_e7691.dir/CMakeCXXCompilerABI.cpp.o
/Users/Grey/miniconda/envs/sss/bin/c++      -o CMakeFiles/cmTC_e7691.dir/CMakeCXXCompilerABI.cpp.o -c /Users/Grey/miniconda/envs/sss/share/cmake-3.6/Modules/CMakeCXXCompilerABI.cpp
Linking CXX executable cmTC_e7691
/Users/Grey/miniconda/envs/sss/bin/cmake -E cmake_link_script CMakeFiles/cmTC_e7691.dir/link.txt --verbose=1
/Users/Grey/miniconda/envs/sss/bin/c++     -Wl,-search_paths_first -Wl,-headerpad_max_install_names  -v -Wl,-v CMakeFiles/cmTC_e7691.dir/CMakeCXXCompilerABI.cpp.o  -o cmTC_e7691   
Using built-in specs.
COLLECT_GCC=/Users/Grey/miniconda/envs/sss/bin/c++
COLLECT_LTO_WRAPPER=/Users/Grey/miniconda/envs/sss/libexec/gcc/x86_64-apple-darwin13.4.0/5.2.0/lto-wrapper
Target: x86_64-apple-darwin13.4.0
Configured with: ./configure --prefix=/Users/Grey/miniconda/envs/sss --libdir=/Users/Grey/miniconda/envs/sss/lib --with-gmp=/Users/Grey/miniconda/envs/sss --with-mpfr=/Users/Grey/miniconda/envs/sss --with-mpc=/Users/Grey/miniconda/envs/sss --with-isl=/Users/Grey/miniconda/envs/sss --with-cloog=/Users/Grey/miniconda/envs/sss --with-boot-ldflags=-Wl,-headerpad_max_install_names --with-stage1-ldflags=-Wl,-headerpad_max_install_names --enable-checking=release --disable-multilib
Thread model: posix
gcc version 5.2.0 (GCC) 
COMPILER_PATH=/Users/Grey/miniconda/envs/sss/libexec/gcc/x86_64-apple-darwin13.4.0/5.2.0/:/Users/Grey/miniconda/envs/sss/libexec/gcc/x86_64-apple-darwin13.4.0/5.2.0/:/Users/Grey/miniconda/envs/sss/libexec/gcc/x86_64-apple-darwin13.4.0/:/Users/Grey/miniconda/envs/sss/lib/gcc/x86_64-apple-darwin13.4.0/5.2.0/:/Users/Grey/miniconda/envs/sss/lib/gcc/x86_64-apple-darwin13.4.0/
LIBRARY_PATH=/Users/Grey/miniconda/envs/sss/lib/gcc/x86_64-apple-darwin13.4.0/5.2.0/:/Users/Grey/miniconda/envs/sss/lib/gcc/x86_64-apple-darwin13.4.0/5.2.0/../../../:/usr/lib/
COLLECT_GCC_OPTIONS='-mmacosx-version-min=10.12.5' '-v' '-o' 'cmTC_e7691' '-shared-libgcc' '-mtune=core2'
 /Users/Grey/miniconda/envs/sss/libexec/gcc/x86_64-apple-darwin13.4.0/5.2.0/collect2 -dynamic -arch x86_64 -macosx_version_min 10.12.5 -weak_reference_mismatches non-weak -o cmTC_e7691 -L/Users/Grey/miniconda/envs/sss/lib/gcc/x86_64-apple-darwin13.4.0/5.2.0 -L/Users/Grey/miniconda/envs/sss/lib/gcc/x86_64-apple-darwin13.4.0/5.2.0/../../.. -search_paths_first -headerpad_max_install_names -v CMakeFiles/cmTC_e7691.dir/CMakeCXXCompilerABI.cpp.o -lstdc++ -no_compact_unwind -lSystem -lgcc_ext.10.5 -lgcc -lSystem -v
collect2 version 5.2.0
/usr/bin/ld -dynamic -arch x86_64 -macosx_version_min 10.12.5 -weak_reference_mismatches non-weak -o cmTC_e7691 -L/Users/Grey/miniconda/envs/sss/lib/gcc/x86_64-apple-darwin13.4.0/5.2.0 -L/Users/Grey/miniconda/envs/sss/lib/gcc/x86_64-apple-darwin13.4.0/5.2.0/../../.. -search_paths_first -headerpad_max_install_names -v CMakeFiles/cmTC_e7691.dir/CMakeCXXCompilerABI.cpp.o -lstdc++ -no_compact_unwind -lSystem -lgcc_ext.10.5 -lgcc -lSystem -v
@(#)PROGRAM:ld  PROJECT:ld64-278.4
configured to support archs: armv6 armv7 armv7s arm64 i386 x86_64 x86_64h armv6m armv7k armv7m armv7em (tvOS)
@(#)PROGRAM:ld  PROJECT:ld64-278.4
configured to support archs: armv6 armv7 armv7s arm64 i386 x86_64 x86_64h armv6m armv7k armv7m armv7em (tvOS)
Library search paths:
	/Users/Grey/miniconda/envs/sss/lib/gcc/x86_64-apple-darwin13.4.0/5.2.0
	/Users/Grey/miniconda/envs/sss/lib
	/usr/lib
	/usr/local/lib
Framework search paths:
	/Library/Frameworks/
	/System/Library/Frameworks/
gmake[1]: Leaving directory '/Users/Grey/Desktop/LJ_potential_c-_py/build/CMakeFiles/CMakeTmp'


Parsed CXX implicit link information from above output:
  link line regex: [^( *|.*[/\])(ld|([^/\]+-)?ld|collect2)[^/\]*( |$)]
  ignore line: [Change Dir: /Users/Grey/Desktop/LJ_potential_c-_py/build/CMakeFiles/CMakeTmp]
  ignore line: []
  ignore line: [Run Build Command:"/usr/local/bin/gmake" "cmTC_e7691/fast"]
  ignore line: [/usr/local/bin/gmake -f CMakeFiles/cmTC_e7691.dir/build.make CMakeFiles/cmTC_e7691.dir/build]
  ignore line: [gmake[1]: Entering directory '/Users/Grey/Desktop/LJ_potential_c-_py/build/CMakeFiles/CMakeTmp']
  ignore line: [Building CXX object CMakeFiles/cmTC_e7691.dir/CMakeCXXCompilerABI.cpp.o]
  ignore line: [/Users/Grey/miniconda/envs/sss/bin/c++      -o CMakeFiles/cmTC_e7691.dir/CMakeCXXCompilerABI.cpp.o -c /Users/Grey/miniconda/envs/sss/share/cmake-3.6/Modules/CMakeCXXCompilerABI.cpp]
  ignore line: [Linking CXX executable cmTC_e7691]
  ignore line: [/Users/Grey/miniconda/envs/sss/bin/cmake -E cmake_link_script CMakeFiles/cmTC_e7691.dir/link.txt --verbose=1]
  ignore line: [/Users/Grey/miniconda/envs/sss/bin/c++     -Wl,-search_paths_first -Wl,-headerpad_max_install_names  -v -Wl,-v CMakeFiles/cmTC_e7691.dir/CMakeCXXCompilerABI.cpp.o  -o cmTC_e7691   ]
  ignore line: [Using built-in specs.]
  ignore line: [COLLECT_GCC=/Users/Grey/miniconda/envs/sss/bin/c++]
  ignore line: [COLLECT_LTO_WRAPPER=/Users/Grey/miniconda/envs/sss/libexec/gcc/x86_64-apple-darwin13.4.0/5.2.0/lto-wrapper]
  ignore line: [Target: x86_64-apple-darwin13.4.0]
  ignore line: [Configured with: ./configure --prefix=/Users/Grey/miniconda/envs/sss --libdir=/Users/Grey/miniconda/envs/sss/lib --with-gmp=/Users/Grey/miniconda/envs/sss --with-mpfr=/Users/Grey/miniconda/envs/sss --with-mpc=/Users/Grey/miniconda/envs/sss --with-isl=/Users/Grey/miniconda/envs/sss --with-cloog=/Users/Grey/miniconda/envs/sss --with-boot-ldflags=-Wl,-headerpad_max_install_names --with-stage1-ldflags=-Wl,-headerpad_max_install_names --enable-checking=release --disable-multilib]
  ignore line: [Thread model: posix]
  ignore line: [gcc version 5.2.0 (GCC) ]
  ignore line: [COMPILER_PATH=/Users/Grey/miniconda/envs/sss/libexec/gcc/x86_64-apple-darwin13.4.0/5.2.0/:/Users/Grey/miniconda/envs/sss/libexec/gcc/x86_64-apple-darwin13.4.0/5.2.0/:/Users/Grey/miniconda/envs/sss/libexec/gcc/x86_64-apple-darwin13.4.0/:/Users/Grey/miniconda/envs/sss/lib/gcc/x86_64-apple-darwin13.4.0/5.2.0/:/Users/Grey/miniconda/envs/sss/lib/gcc/x86_64-apple-darwin13.4.0/]
  ignore line: [LIBRARY_PATH=/Users/Grey/miniconda/envs/sss/lib/gcc/x86_64-apple-darwin13.4.0/5.2.0/:/Users/Grey/miniconda/envs/sss/lib/gcc/x86_64-apple-darwin13.4.0/5.2.0/../../../:/usr/lib/]
  ignore line: [COLLECT_GCC_OPTIONS='-mmacosx-version-min=10.12.5' '-v' '-o' 'cmTC_e7691' '-shared-libgcc' '-mtune=core2']
  link line: [ /Users/Grey/miniconda/envs/sss/libexec/gcc/x86_64-apple-darwin13.4.0/5.2.0/collect2 -dynamic -arch x86_64 -macosx_version_min 10.12.5 -weak_reference_mismatches non-weak -o cmTC_e7691 -L/Users/Grey/miniconda/envs/sss/lib/gcc/x86_64-apple-darwin13.4.0/5.2.0 -L/Users/Grey/miniconda/envs/sss/lib/gcc/x86_64-apple-darwin13.4.0/5.2.0/../../.. -search_paths_first -headerpad_max_install_names -v CMakeFiles/cmTC_e7691.dir/CMakeCXXCompilerABI.cpp.o -lstdc++ -no_compact_unwind -lSystem -lgcc_ext.10.5 -lgcc -lSystem -v]
    arg [/Users/Grey/miniconda/envs/sss/libexec/gcc/x86_64-apple-darwin13.4.0/5.2.0/collect2] ==> ignore
    arg [-dynamic] ==> ignore
    arg [-arch] ==> ignore
    arg [x86_64] ==> ignore
    arg [-macosx_version_min] ==> ignore
    arg [10.12.5] ==> ignore
    arg [-weak_reference_mismatches] ==> ignore
    arg [non-weak] ==> ignore
    arg [-o] ==> ignore
    arg [cmTC_e7691] ==> ignore
    arg [-L/Users/Grey/miniconda/envs/sss/lib/gcc/x86_64-apple-darwin13.4.0/5.2.0] ==> dir [/Users/Grey/miniconda/envs/sss/lib/gcc/x86_64-apple-darwin13.4.0/5.2.0]
    arg [-L/Users/Grey/miniconda/envs/sss/lib/gcc/x86_64-apple-darwin13.4.0/5.2.0/../../..] ==> dir [/Users/Grey/miniconda/envs/sss/lib/gcc/x86_64-apple-darwin13.4.0/5.2.0/../../..]
    arg [-search_paths_first] ==> ignore
    arg [-headerpad_max_install_names] ==> ignore
    arg [-v] ==> ignore
    arg [CMakeFiles/cmTC_e7691.dir/CMakeCXXCompilerABI.cpp.o] ==> ignore
    arg [-lstdc++] ==> lib [stdc++]
    arg [-no_compact_unwind] ==> ignore
    arg [-lSystem] ==> lib [System]
    arg [-lgcc_ext.10.5] ==> lib [gcc_ext.10.5]
    arg [-lgcc] ==> lib [gcc]
    arg [-lSystem] ==> lib [System]
    arg [-v] ==> ignore
  ignore line: [collect2 version 5.2.0]
  link line: [/usr/bin/ld -dynamic -arch x86_64 -macosx_version_min 10.12.5 -weak_reference_mismatches non-weak -o cmTC_e7691 -L/Users/Grey/miniconda/envs/sss/lib/gcc/x86_64-apple-darwin13.4.0/5.2.0 -L/Users/Grey/miniconda/envs/sss/lib/gcc/x86_64-apple-darwin13.4.0/5.2.0/../../.. -search_paths_first -headerpad_max_install_names -v CMakeFiles/cmTC_e7691.dir/CMakeCXXCompilerABI.cpp.o -lstdc++ -no_compact_unwind -lSystem -lgcc_ext.10.5 -lgcc -lSystem -v]
    arg [/usr/bin/ld] ==> ignore
    arg [-dynamic] ==> ignore
    arg [-arch] ==> ignore
    arg [x86_64] ==> ignore
    arg [-macosx_version_min] ==> ignore
    arg [10.12.5] ==> ignore
    arg [-weak_reference_mismatches] ==> ignore
    arg [non-weak] ==> ignore
    arg [-o] ==> ignore
    arg [cmTC_e7691] ==> ignore
    arg [-L/Users/Grey/miniconda/envs/sss/lib/gcc/x86_64-apple-darwin13.4.0/5.2.0] ==> dir [/Users/Grey/miniconda/envs/sss/lib/gcc/x86_64-apple-darwin13.4.0/5.2.0]
    arg [-L/Users/Grey/miniconda/envs/sss/lib/gcc/x86_64-apple-darwin13.4.0/5.2.0/../../..] ==> dir [/Users/Grey/miniconda/envs/sss/lib/gcc/x86_64-apple-darwin13.4.0/5.2.0/../../..]
    arg [-search_paths_first] ==> ignore
    arg [-headerpad_max_install_names] ==> ignore
    arg [-v] ==> ignore
    arg [CMakeFiles/cmTC_e7691.dir/CMakeCXXCompilerABI.cpp.o] ==> ignore
    arg [-lstdc++] ==> lib [stdc++]
    arg [-no_compact_unwind] ==> ignore
    arg [-lSystem] ==> lib [System]
    arg [-lgcc_ext.10.5] ==> lib [gcc_ext.10.5]
    arg [-lgcc] ==> lib [gcc]
    arg [-lSystem] ==> lib [System]
    arg [-v] ==> ignore
  ignore line: [@(#)PROGRAM:ld  PROJECT:ld64-278.4]
  ignore line: [configured to support archs: armv6 armv7 armv7s arm64 i386 x86_64 x86_64h armv6m armv7k armv7m armv7em (tvOS)]
  ignore line: [@(#)PROGRAM:ld  PROJECT:ld64-278.4]
  ignore line: [configured to support archs: armv6 armv7 armv7s arm64 i386 x86_64 x86_64h armv6m armv7k armv7m armv7em (tvOS)]
  ignore line: [Library search paths:]
  ignore line: [	/Users/Grey/miniconda/envs/sss/lib/gcc/x86_64-apple-darwin13.4.0/5.2.0]
  ignore line: [	/Users/Grey/miniconda/envs/sss/lib]
  ignore line: [	/usr/lib]
  ignore line: [	/usr/local/lib]
  ignore line: [Framework search paths:]
  ignore line: [	/Library/Frameworks/]
  ignore line: [	/System/Library/Frameworks/]
  ignore line: [gmake[1]: Leaving directory '/Users/Grey/Desktop/LJ_potential_c-_py/build/CMakeFiles/CMakeTmp']
  ignore line: []
  Library search paths: [;/Users/Grey/miniconda/envs/sss/lib/gcc/x86_64-apple-darwin13.4.0/5.2.0;/Users/Grey/miniconda/envs/sss/lib;/usr/lib;/usr/local/lib]
  Framework search paths: [;/Library/Frameworks/;/System/Library/Frameworks/]
  remove lib [System]
  remove lib [gcc_ext.10.5]
  remove lib [gcc]
  remove lib [System]
  remove lib [System]
  remove lib [gcc_ext.10.5]
  remove lib [gcc]
  remove lib [System]
  collapse library dir [/Users/Grey/miniconda/envs/sss/lib/gcc/x86_64-apple-darwin13.4.0/5.2.0] ==> [/Users/Grey/miniconda/envs/sss/lib/gcc/x86_64-apple-darwin13.4.0/5.2.0]
  collapse library dir [/Users/Grey/miniconda/envs/sss/lib/gcc/x86_64-apple-darwin13.4.0/5.2.0/../../..] ==> [/Users/Grey/miniconda/envs/sss/lib]
  collapse library dir [/Users/Grey/miniconda/envs/sss/lib/gcc/x86_64-apple-darwin13.4.0/5.2.0] ==> [/Users/Grey/miniconda/envs/sss/lib/gcc/x86_64-apple-darwin13.4.0/5.2.0]
  collapse library dir [/Users/Grey/miniconda/envs/sss/lib/gcc/x86_64-apple-darwin13.4.0/5.2.0/../../..] ==> [/Users/Grey/miniconda/envs/sss/lib]
  collapse library dir [/Users/Grey/miniconda/envs/sss/lib/gcc/x86_64-apple-darwin13.4.0/5.2.0] ==> [/Users/Grey/miniconda/envs/sss/lib/gcc/x86_64-apple-darwin13.4.0/5.2.0]
  collapse library dir [/Users/Grey/miniconda/envs/sss/lib] ==> [/Users/Grey/miniconda/envs/sss/lib]
  collapse library dir [/usr/lib] ==> [/usr/lib]
  collapse library dir [/usr/local/lib] ==> [/usr/local/lib]
  collapse framework dir [/Library/Frameworks/] ==> [/Library/Frameworks]
  collapse framework dir [/System/Library/Frameworks/] ==> [/System/Library/Frameworks]
  linker did not report search dirs, re-using implicit dirs
  implicit libs: [stdc++;stdc++]
  implicit dirs: [/Users/Grey/miniconda/envs/sss/lib/gcc/x86_64-apple-darwin13.4.0/5.2.0;/Users/Grey/miniconda/envs/sss/lib;/usr/lib;/usr/local/lib]
  implicit linker search dirs: [/Users/Grey/miniconda/envs/sss/lib/gcc/x86_64-apple-darwin13.4.0/5.2.0;/Users/Grey/miniconda/envs/sss/lib;/usr/lib;/usr/local/lib]
  implicit fwks: [/Library/Frameworks;/System/Library/Frameworks]




Detecting CXX [-std=c++14] compiler features compiled with the following output:
Change Dir: /Users/Grey/Desktop/LJ_potential_c-_py/build/CMakeFiles/CMakeTmp

Run Build Command:"/usr/local/bin/gmake" "cmTC_d4858/fast"
/usr/local/bin/gmake -f CMakeFiles/cmTC_d4858.dir/build.make CMakeFiles/cmTC_d4858.dir/build
gmake[1]: Entering directory '/Users/Grey/Desktop/LJ_potential_c-_py/build/CMakeFiles/CMakeTmp'
Building CXX object CMakeFiles/cmTC_d4858.dir/feature_tests.cxx.o
/Users/Grey/miniconda/envs/sss/bin/c++     -std=c++14 -o CMakeFiles/cmTC_d4858.dir/feature_tests.cxx.o -c /Users/Grey/Desktop/LJ_potential_c-_py/build/CMakeFiles/feature_tests.cxx
Linking CXX executable cmTC_d4858
/Users/Grey/miniconda/envs/sss/bin/cmake -E cmake_link_script CMakeFiles/cmTC_d4858.dir/link.txt --verbose=1
/Users/Grey/miniconda/envs/sss/bin/c++     -Wl,-search_paths_first -Wl,-headerpad_max_install_names   CMakeFiles/cmTC_d4858.dir/feature_tests.cxx.o  -o cmTC_d4858  
gmake[1]: Leaving directory '/Users/Grey/Desktop/LJ_potential_c-_py/build/CMakeFiles/CMakeTmp'


    Feature record: CXX_FEATURE:1cxx_aggregate_default_initializers
    Feature record: CXX_FEATURE:1cxx_alias_templates
    Feature record: CXX_FEATURE:1cxx_alignas
    Feature record: CXX_FEATURE:1cxx_alignof
    Feature record: CXX_FEATURE:1cxx_attributes
    Feature record: CXX_FEATURE:1cxx_attribute_deprecated
    Feature record: CXX_FEATURE:1cxx_auto_type
    Feature record: CXX_FEATURE:1cxx_binary_literals
    Feature record: CXX_FEATURE:1cxx_constexpr
    Feature record: CXX_FEATURE:1cxx_contextual_conversions
    Feature record: CXX_FEATURE:1cxx_decltype
    Feature record: CXX_FEATURE:1cxx_decltype_auto
    Feature record: CXX_FEATURE:1cxx_decltype_incomplete_return_types
    Feature record: CXX_FEATURE:1cxx_default_function_template_args
    Feature record: CXX_FEATURE:1cxx_defaulted_functions
    Feature record: CXX_FEATURE:1cxx_defaulted_move_initializers
    Feature record: CXX_FEATURE:1cxx_delegating_constructors
    Feature record: CXX_FEATURE:1cxx_deleted_functions
    Feature record: CXX_FEATURE:1cxx_digit_separators
    Feature record: CXX_FEATURE:1cxx_enum_forward_declarations
    Feature record: CXX_FEATURE:1cxx_explicit_conversions
    Feature record: CXX_FEATURE:1cxx_extended_friend_declarations
    Feature record: CXX_FEATURE:1cxx_extern_templates
    Feature record: CXX_FEATURE:1cxx_final
    Feature record: CXX_FEATURE:1cxx_func_identifier
    Feature record: CXX_FEATURE:1cxx_generalized_initializers
    Feature record: CXX_FEATURE:1cxx_generic_lambdas
    Feature record: CXX_FEATURE:1cxx_inheriting_constructors
    Feature record: CXX_FEATURE:1cxx_inline_namespaces
    Feature record: CXX_FEATURE:1cxx_lambdas
    Feature record: CXX_FEATURE:1cxx_lambda_init_captures
    Feature record: CXX_FEATURE:1cxx_local_type_template_args
    Feature record: CXX_FEATURE:1cxx_long_long_type
    Feature record: CXX_FEATURE:1cxx_noexcept
    Feature record: CXX_FEATURE:1cxx_nonstatic_member_init
    Feature record: CXX_FEATURE:1cxx_nullptr
    Feature record: CXX_FEATURE:1cxx_override
    Feature record: CXX_FEATURE:1cxx_range_for
    Feature record: CXX_FEATURE:1cxx_raw_string_literals
    Feature record: CXX_FEATURE:1cxx_reference_qualified_functions
    Feature record: CXX_FEATURE:1cxx_relaxed_constexpr
    Feature record: CXX_FEATURE:1cxx_return_type_deduction
    Feature record: CXX_FEATURE:1cxx_right_angle_brackets
    Feature record: CXX_FEATURE:1cxx_rvalue_references
    Feature record: CXX_FEATURE:1cxx_sizeof_member
    Feature record: CXX_FEATURE:1cxx_static_assert
    Feature record: CXX_FEATURE:1cxx_strong_enums
    Feature record: CXX_FEATURE:1cxx_template_template_parameters
    Feature record: CXX_FEATURE:1cxx_thread_local
    Feature record: CXX_FEATURE:1cxx_trailing_return_types
    Feature record: CXX_FEATURE:1cxx_unicode_literals
    Feature record: CXX_FEATURE:1cxx_uniform_initialization
    Feature record: CXX_FEATURE:1cxx_unrestricted_unions
    Feature record: CXX_FEATURE:1cxx_user_literals
    Feature record: CXX_FEATURE:1cxx_variable_templates
    Feature record: CXX_FEATURE:1cxx_variadic_macros
    Feature record: CXX_FEATURE:1cxx_variadic_templates


Detecting CXX [-std=c++11] compiler features compiled with the following output:
Change Dir: /Users/Grey/Desktop/LJ_potential_c-_py/build/CMakeFiles/CMakeTmp

Run Build Command:"/usr/local/bin/gmake" "cmTC_92c6b/fast"
/usr/local/bin/gmake -f CMakeFiles/cmTC_92c6b.dir/build.make CMakeFiles/cmTC_92c6b.dir/build
gmake[1]: Entering directory '/Users/Grey/Desktop/LJ_potential_c-_py/build/CMakeFiles/CMakeTmp'
Building CXX object CMakeFiles/cmTC_92c6b.dir/feature_tests.cxx.o
/Users/Grey/miniconda/envs/sss/bin/c++     -std=c++11 -o CMakeFiles/cmTC_92c6b.dir/feature_tests.cxx.o -c /Users/Grey/Desktop/LJ_potential_c-_py/build/CMakeFiles/feature_tests.cxx
Linking CXX executable cmTC_92c6b
/Users/Grey/miniconda/envs/sss/bin/cmake -E cmake_link_script CMakeFiles/cmTC_92c6b.dir/link.txt --verbose=1
/Users/Grey/miniconda/envs/sss/bin/c++     -Wl,-search_paths_first -Wl,-headerpad_max_install_names   CMakeFiles/cmTC_92c6b.dir/feature_tests.cxx.o  -o cmTC_92c6b  
gmake[1]: Leaving directory '/Users/Grey/Desktop/LJ_potential_c-_py/build/CMakeFiles/CMakeTmp'


    Feature record: CXX_FEATURE:0cxx_aggregate_default_initializers
    Feature record: CXX_FEATURE:1cxx_alias_templates
    Feature record: CXX_FEATURE:1cxx_alignas
    Feature record: CXX_FEATURE:1cxx_alignof
    Feature record: CXX_FEATURE:1cxx_attributes
    Feature record: CXX_FEATURE:0cxx_attribute_deprecated
    Feature record: CXX_FEATURE:1cxx_auto_type
    Feature record: CXX_FEATURE:0cxx_binary_literals
    Feature record: CXX_FEATURE:1cxx_constexpr
    Feature record: CXX_FEATURE:0cxx_contextual_conversions
    Feature record: CXX_FEATURE:1cxx_decltype
    Feature record: CXX_FEATURE:0cxx_decltype_auto
    Feature record: CXX_FEATURE:1cxx_decltype_incomplete_return_types
    Feature record: CXX_FEATURE:1cxx_default_function_template_args
    Feature record: CXX_FEATURE:1cxx_defaulted_functions
    Feature record: CXX_FEATURE:1cxx_defaulted_move_initializers
    Feature record: CXX_FEATURE:1cxx_delegating_constructors
    Feature record: CXX_FEATURE:1cxx_deleted_functions
    Feature record: CXX_FEATURE:0cxx_digit_separators
    Feature record: CXX_FEATURE:1cxx_enum_forward_declarations
    Feature record: CXX_FEATURE:1cxx_explicit_conversions
    Feature record: CXX_FEATURE:1cxx_extended_friend_declarations
    Feature record: CXX_FEATURE:1cxx_extern_templates
    Feature record: CXX_FEATURE:1cxx_final
    Feature record: CXX_FEATURE:1cxx_func_identifier
    Feature record: CXX_FEATURE:1cxx_generalized_initializers
    Feature record: CXX_FEATURE:0cxx_generic_lambdas
    Feature record: CXX_FEATURE:1cxx_inheriting_constructors
    Feature record: CXX_FEATURE:1cxx_inline_namespaces
    Feature record: CXX_FEATURE:1cxx_lambdas
    Feature record: CXX_FEATURE:0cxx_lambda_init_captures
    Feature record: CXX_FEATURE:1cxx_local_type_template_args
    Feature record: CXX_FEATURE:1cxx_long_long_type
    Feature record: CXX_FEATURE:1cxx_noexcept
    Feature record: CXX_FEATURE:1cxx_nonstatic_member_init
    Feature record: CXX_FEATURE:1cxx_nullptr
    Feature record: CXX_FEATURE:1cxx_override
    Feature record: CXX_FEATURE:1cxx_range_for
    Feature record: CXX_FEATURE:1cxx_raw_string_literals
    Feature record: CXX_FEATURE:1cxx_reference_qualified_functions
    Feature record: CXX_FEATURE:0cxx_relaxed_constexpr
    Feature record: CXX_FEATURE:0cxx_return_type_deduction
    Feature record: CXX_FEATURE:1cxx_right_angle_brackets
    Feature record: CXX_FEATURE:1cxx_rvalue_references
    Feature record: CXX_FEATURE:1cxx_sizeof_member
    Feature record: CXX_FEATURE:1cxx_static_assert
    Feature record: CXX_FEATURE:1cxx_strong_enums
    Feature record: CXX_FEATURE:1cxx_template_template_parameters
    Feature record: CXX_FEATURE:1cxx_thread_local
    Feature record: CXX_FEATURE:1cxx_trailing_return_types
    Feature record: CXX_FEATURE:1cxx_unicode_literals
    Feature record: CXX_FEATURE:1cxx_uniform_initialization
    Feature record: CXX_FEATURE:1cxx_unrestricted_unions
    Feature record: CXX_FEATURE:1cxx_user_literals
    Feature record: CXX_FEATURE:0cxx_variable_templates
    Feature record: CXX_FEATURE:1cxx_variadic_macros
    Feature record: CXX_FEATURE:1cxx_variadic_templates


Detecting CXX [-std=c++98] compiler features compiled with the following output:
Change Dir: /Users/Grey/Desktop/LJ_potential_c-_py/build/CMakeFiles/CMakeTmp

Run Build Command:"/usr/local/bin/gmake" "cmTC_00e1d/fast"
/usr/local/bin/gmake -f CMakeFiles/cmTC_00e1d.dir/build.make CMakeFiles/cmTC_00e1d.dir/build
gmake[1]: Entering directory '/Users/Grey/Desktop/LJ_potential_c-_py/build/CMakeFiles/CMakeTmp'
Building CXX object CMakeFiles/cmTC_00e1d.dir/feature_tests.cxx.o
/Users/Grey/miniconda/envs/sss/bin/c++     -std=c++98 -o CMakeFiles/cmTC_00e1d.dir/feature_tests.cxx.o -c /Users/Grey/Desktop/LJ_potential_c-_py/build/CMakeFiles/feature_tests.cxx
Linking CXX executable cmTC_00e1d
/Users/Grey/miniconda/envs/sss/bin/cmake -E cmake_link_script CMakeFiles/cmTC_00e1d.dir/link.txt --verbose=1
/Users/Grey/miniconda/envs/sss/bin/c++     -Wl,-search_paths_first -Wl,-headerpad_max_install_names   CMakeFiles/cmTC_00e1d.dir/feature_tests.cxx.o  -o cmTC_00e1d  
gmake[1]: Leaving directory '/Users/Grey/Desktop/LJ_potential_c-_py/build/CMakeFiles/CMakeTmp'


    Feature record: CXX_FEATURE:0cxx_aggregate_default_initializers
    Feature record: CXX_FEATURE:0cxx_alias_templates
    Feature record: CXX_FEATURE:0cxx_alignas
    Feature record: CXX_FEATURE:0cxx_alignof
    Feature record: CXX_FEATURE:0cxx_attributes
    Feature record: CXX_FEATURE:0cxx_attribute_deprecated
    Feature record: CXX_FEATURE:0cxx_auto_type
    Feature record: CXX_FEATURE:0cxx_binary_literals
    Feature record: CXX_FEATURE:0cxx_constexpr
    Feature record: CXX_FEATURE:0cxx_contextual_conversions
    Feature record: CXX_FEATURE:0cxx_decltype
    Feature record: CXX_FEATURE:0cxx_decltype_auto
    Feature record: CXX_FEATURE:0cxx_decltype_incomplete_return_types
    Feature record: CXX_FEATURE:0cxx_default_function_template_args
    Feature record: CXX_FEATURE:0cxx_defaulted_functions
    Feature record: CXX_FEATURE:0cxx_defaulted_move_initializers
    Feature record: CXX_FEATURE:0cxx_delegating_constructors
    Feature record: CXX_FEATURE:0cxx_deleted_functions
    Feature record: CXX_FEATURE:0cxx_digit_separators
    Feature record: CXX_FEATURE:0cxx_enum_forward_declarations
    Feature record: CXX_FEATURE:0cxx_explicit_conversions
    Feature record: CXX_FEATURE:0cxx_extended_friend_declarations
    Feature record: CXX_FEATURE:0cxx_extern_templates
    Feature record: CXX_FEATURE:0cxx_final
    Feature record: CXX_FEATURE:0cxx_func_identifier
    Feature record: CXX_FEATURE:0cxx_generalized_initializers
    Feature record: CXX_FEATURE:0cxx_generic_lambdas
    Feature record: CXX_FEATURE:0cxx_inheriting_constructors
    Feature record: CXX_FEATURE:0cxx_inline_namespaces
    Feature record: CXX_FEATURE:0cxx_lambdas
    Feature record: CXX_FEATURE:0cxx_lambda_init_captures
    Feature record: CXX_FEATURE:0cxx_local_type_template_args
    Feature record: CXX_FEATURE:0cxx_long_long_type
    Feature record: CXX_FEATURE:0cxx_noexcept
    Feature record: CXX_FEATURE:0cxx_nonstatic_member_init
    Feature record: CXX_FEATURE:0cxx_nullptr
    Feature record: CXX_FEATURE:0cxx_override
    Feature record: CXX_FEATURE:0cxx_range_for
    Feature record: CXX_FEATURE:0cxx_raw_string_literals
    Feature record: CXX_FEATURE:0cxx_reference_qualified_functions
    Feature record: CXX_FEATURE:0cxx_relaxed_constexpr
    Feature record: CXX_FEATURE:0cxx_return_type_deduction
    Feature record: CXX_FEATURE:0cxx_right_angle_brackets
    Feature record: CXX_FEATURE:0cxx_rvalue_references
    Feature record: CXX_FEATURE:0cxx_sizeof_member
    Feature record: CXX_FEATURE:0cxx_static_assert
    Feature record: CXX_FEATURE:0cxx_strong_enums
    Feature record: CXX_FEATURE:1cxx_template_template_parameters
    Feature record: CXX_FEATURE:0cxx_thread_local
    Feature record: CXX_FEATURE:0cxx_trailing_return_types
    Feature record: CXX_FEATURE:0cxx_unicode_literals
    Feature record: CXX_FEATURE:0cxx_uniform_initialization
    Feature record: CXX_FEATURE:0cxx_unrestricted_unions
    Feature record: CXX_FEATURE:0cxx_user_literals
    Feature record: CXX_FEATURE:0cxx_variable_templates
    Feature record: CXX_FEATURE:0cxx_variadic_macros
    Feature record: CXX_FEATURE:0cxx_variadic_templates
